2025/07/11_14:06:25 - INFO - logs.py>wrapper>Nº34 - Recibida la petición a la función get_ingredient_by_id con los parámetros () {'id': 6}
2025/07/11_14:07:39 - INFO - logs.py>wrapper>Nº33 - Recibida la petición a la función get_ingredient_by_id con los parámetros () {'id': 6}
2025/07/11_14:09:56 - INFO - logs.py>wrapper>Nº37 - Recibida la petición a la función get_ingredient_by_id con los parámetros () {'id': 6}
2025/07/11_14:10:31 - INFO - logs.py>wrapper>Nº38 - Recibida la petición a la función get_ingredient_by_id con los parámetros () {'id': 6}
2025/07/11_14:12:10 - INFO - logs.py>wrapper>Nº35 - Recibida la petición a la función get_ingredient_by_id con los parámetros args=() kwargs={'id': 6} body=None
2025/07/11_14:13:13 - INFO - logs.py>wrapper>Nº35 - Recibida la petición a la función post_ingredients con los parámetros args=() kwargs={} body={'name': 'Lechuga', 'price': 0.55}
2025/07/11_14:14:15 - INFO - logs.py>wrapper>Nº35 - Recibida la petición a la función login con los parámetros args=() kwargs={} body={'email': 'cfalco@gmail.com', 'password': '1234'}
2025/07/14_09:33:23 - INFO - logs.py>wrapper>Nº35 - Recibida la petición POST /login a la función login con los parámetros args=() kwargs={} body={'email': 'cfalco@gmail.com', 'password': '1234'}
2025/07/14_11:02:05 - INFO - logs.py>wrapper>Nº34 - Recibida la petición POST /ingredients con body={'name': 'Lechuga', 'price': 0.55}, a la función post_ingredients con los parámetros args=() kwargs={}
2025/07/14_11:02:05 - INFO - logs.py>wrapper>Nº34 - Recibida la petición POST /ingredients con body={'name': 'Lechuga', 'price': 0.55}, a la función post_ingredients con los parámetros args=() kwargs={}
2025/07/14_11:03:26 - INFO - logs.py>wrapper>Nº34 - Recibida la petición POST /ingredients con body={'name': 'Lechuga', 'price': 0.55}, a la función post_ingredients con los parámetros args=() kwargs={}
2025/07/14_11:03:26 - INFO - logs.py>wrapper>Nº34 - Recibida la petición POST /ingredients con body={'name': 'Lechuga', 'price': 0.55}, a la función post_ingredients con los parámetros args=() kwargs={}
2025/07/14_11:04:15 - INFO - logs.py>wrapper>Nº34 - Recibida la petición POST /ingredients con body={'name': 'Lechuga', 'price': 0.55}, a la función post_ingredients con los parámetros args=() kwargs={}
2025/07/14_11:04:15 - INFO - logs.py>wrapper>Nº34 - Recibida la petición POST /ingredients con body={'name': 'Lechuga', 'price': 0.55}, a la función post_ingredients con los parámetros args=() kwargs={}
2025/07/14_11:06:00 - INFO - logs.py>wrapper>Nº34 - Recibida la petición POST /ingredients con body={'name': 'Lechuga', 'price': 0.55}, a la función post_ingredients con los parámetros args=() kwargs={}
2025/07/14_11:06:00 - INFO - logs.py>wrapper>Nº34 - Recibida la petición POST /ingredients con body={'name': 'Lechuga', 'price': 0.55}, a la función post_ingredients con los parámetros args=() kwargs={}
2025/07/14_11:07:20 - INFO - logs.py>wrapper>Nº34 - Recibida la petición POST /ingredients con body={'name': 'Lechuga', 'price': 0.55}, a la función post_ingredients con los parámetros args=() kwargs={}
2025/07/14_11:07:20 - INFO - logs.py>wrapper>Nº34 - Recibida la petición POST /ingredients con body={'name': 'Lechuga', 'price': 0.55}, a la función post_ingredients con los parámetros args=() kwargs={}
2025/07/14_13:55:24 - INFO - logs.py>wrapper>Nº34 - Recibida la petición GET /ingredients con body=None, a la función get_ingredients con los parámetros args=() kwargs={}
2025/07/14_13:55:24 - INFO - logs.py>wrapper>Nº34 - Recibida la petición GET /ingredients con body=None, a la función get_ingredients con los parámetros args=() kwargs={}
2025/07/14_13:56:17 - INFO - logs.py>wrapper>Nº34 - Recibida la petición GET /ingredients con body=None, a la función get_ingredients con los parámetros args=() kwargs={}
2025/07/14_13:56:17 - INFO - logs.py>wrapper>Nº34 - Recibida la petición GET /ingredients con body=None, a la función get_ingredients con los parámetros args=() kwargs={}
2025/07/14_13:58:28 - INFO - logs.py>wrapper>Nº34 - Recibida la petición GET /ingredients con body=None, a la función get_ingredients con los parámetros args=() kwargs={}
2025/07/14_13:58:28 - INFO - logs.py>wrapper>Nº34 - Recibida la petición GET /ingredients con body=None, a la función get_ingredients con los parámetros args=() kwargs={}
2025/07/14_14:01:22 - INFO - logs.py>wrapper>Nº34 - Recibida la petición GET /ingredients con body=None, a la función get_ingredients con los parámetros args=() kwargs={}
2025/07/14_14:01:22 - INFO - logs.py>wrapper>Nº34 - Recibida la petición GET /ingredients con body=None, a la función get_ingredients con los parámetros args=() kwargs={}
2025/07/14_14:02:08 - INFO - logs.py>wrapper>Nº34 - Recibida la petición GET /ingredients con body=None, a la función get_ingredients con los parámetros args=() kwargs={}
2025/07/14_14:02:08 - INFO - logs.py>wrapper>Nº34 - Recibida la petición GET /ingredients con body=None, a la función get_ingredients con los parámetros args=() kwargs={}
2025/07/14_14:02:40 - INFO - logs.py>wrapper>Nº34 - Recibida la petición GET /ingredients con body=None, a la función get_ingredients con los parámetros args=() kwargs={}
2025/07/14_14:02:40 - INFO - logs.py>wrapper>Nº34 - Recibida la petición GET /ingredients con body=None, a la función get_ingredients con los parámetros args=() kwargs={}
